<?xml version="1.0" encoding="UTF-8"?>
<!-- Generated by org.testng.reporters.JUnitReportReporter -->
<testsuite hostname="DESKTOP-0V3QR0S" failures="0" tests="2" name="Bitcoin" time="24.688" errors="0" timestamp="19 февр. 2021 06:13:21 GMT" skipped="0">
  <testcase classname="Bitcoin" name="readValues" time="19.640"/>
  <testcase classname="Bitcoin" name="write" time="5.048"/>
</testsuite> <!-- Bitcoin -->
