<?xml version="1.0" encoding="UTF-8"?>
<!-- Generated by org.testng.reporters.JUnitReportReporter -->
<testsuite hostname="DESKTOP-0V3QR0S" failures="0" tests="2" name="Ethereum" time="25.134" errors="0" timestamp="19 февр. 2021 06:13:21 GMT" skipped="0">
  <testcase classname="Ethereum" name="readValues" time="20.649"/>
  <testcase classname="Ethereum" name="write" time="4.485"/>
</testsuite> <!-- Ethereum -->
