<?xml version="1.0" encoding="UTF-8"?>
<!-- Generated by org.testng.reporters.JUnitReportReporter -->
<testsuite hostname="DESKTOP-0V3QR0S" failures="0" tests="2" name="TronCoin" time="13.125" errors="0" timestamp="19 февр. 2021 06:13:21 GMT" skipped="0">
  <testcase classname="TronCoin" name="readValues" time="11.127"/>
  <testcase classname="TronCoin" name="write" time="1.998"/>
</testsuite> <!-- TronCoin -->
