<?xml version="1.0" encoding="UTF-8"?>
<!-- Generated by org.testng.reporters.JUnitReportReporter -->
<testsuite hostname="DESKTOP-0V3QR0S" failures="0" tests="1" name="BinanceCoin" time="17.341" errors="0" timestamp="19 февр. 2021 09:25:33 GMT" skipped="0">
  <testcase classname="BinanceCoin" name="readValues" time="17.341"/>
</testsuite> <!-- BinanceCoin -->
