<?xml version="1.0" encoding="UTF-8"?>
<!-- Generated by org.testng.reporters.JUnitReportReporter -->
<testsuite hostname="DESKTOP-0V3QR0S" failures="0" tests="2" name="PolcaDot" time="10.181" errors="0" timestamp="19 февр. 2021 09:25:33 GMT" skipped="0">
  <testcase classname="PolcaDot" name="readValues" time="8.425"/>
  <testcase classname="PolcaDot" name="write" time="1.756"/>
</testsuite> <!-- PolcaDot -->
