<?xml version="1.0" encoding="UTF-8"?>
<!-- Generated by org.testng.reporters.JUnitReportReporter -->
<testsuite hostname="DESKTOP-0V3QR0S" failures="0" tests="2" name="DogeCoin" time="24.899" errors="0" timestamp="19 февр. 2021 06:13:21 GMT" skipped="0">
  <testcase classname="DogeCoin" name="readValues" time="21.312"/>
  <testcase classname="DogeCoin" name="write" time="3.587"/>
</testsuite> <!-- DogeCoin -->
