<?xml version="1.0" encoding="UTF-8"?>
<!-- Generated by org.testng.reporters.JUnitReportReporter -->
<testsuite hostname="DESKTOP-0V3QR0S" failures="0" tests="2" name="BinanceCoin" time="24.088" errors="0" timestamp="19 февр. 2021 06:13:21 GMT" skipped="0">
  <testcase classname="BinanceCoin" name="readValues" time="17.850"/>
  <testcase classname="BinanceCoin" name="write" time="6.238"/>
</testsuite> <!-- BinanceCoin -->
